0 info it worked if it ends with ok
1 verbose cli [ 'node', '/usr/local/bin/npm', 'run-script', 'test' ]
2 info using npm@2.11.2
3 info using node@v0.12.1
4 verbose run-script [ 'pretest', 'test', 'posttest' ]
5 info pretest spritewerk@0.0.1
6 info test spritewerk@0.0.1
7 verbose unsafe-perm in lifecycle true
8 info spritewerk@0.0.1 Failed to exec test script
9 verbose stack Error: spritewerk@0.0.1 test: `jasmine --verbose --junitreport`
9 verbose stack Exit status 1
9 verbose stack     at EventEmitter.<anonymous> (/usr/local/lib/node_modules/npm/lib/utils/lifecycle.js:213:16)
9 verbose stack     at EventEmitter.emit (events.js:110:17)
9 verbose stack     at ChildProcess.<anonymous> (/usr/local/lib/node_modules/npm/lib/utils/spawn.js:24:14)
9 verbose stack     at ChildProcess.emit (events.js:110:17)
9 verbose stack     at maybeClose (child_process.js:1008:16)
9 verbose stack     at Process.ChildProcess._handle.onexit (child_process.js:1080:5)
10 verbose pkgid spritewerk@0.0.1
11 verbose cwd /Users/kcms/Sites/cp/game
12 error Darwin 14.5.0
13 error argv "node" "/usr/local/bin/npm" "run-script" "test"
14 error node v0.12.1
15 error npm  v2.11.2
16 error code ELIFECYCLE
17 error spritewerk@0.0.1 test: `jasmine --verbose --junitreport`
17 error Exit status 1
18 error Failed at the spritewerk@0.0.1 test script 'jasmine --verbose --junitreport'.
18 error This is most likely a problem with the spritewerk package,
18 error not with npm itself.
18 error Tell the author that this fails on your system:
18 error     jasmine --verbose --junitreport
18 error You can get their info via:
18 error     npm owner ls spritewerk
18 error There is likely additional logging output above.
19 verbose exit [ 1, true ]
